<?xml version="1.0" encoding="UTF-8"?>
<testsuite name="de.techfak.gse.template.ExampleUnitTest" tests="1" skipped="0" failures="0" errors="0" timestamp="2021-10-28T20:22:24" hostname="DESKTOP-CJEC9R0" time="0.002">
  <properties/>
  <testcase name="addition_isCorrect" classname="de.techfak.gse.template.ExampleUnitTest" time="0.002"/>
  <system-out><![CDATA[]]></system-out>
  <system-err><![CDATA[]]></system-err>
</testsuite>
